<?xml version="1.0" encoding="UTF-8"?>
<testsuite name="Academy Choucair" tests="1" skipped="0" failures="0" errors="0" timestamp="2021-03-08T03:40:24" hostname="DESKTOP-RKQENPT" time="26.152">
  <properties/>
  <testcase name="Search for a automation course" classname="Academy Choucair" time="26.152"/>
  <system-out><![CDATA[]]></system-out>
  <system-err><![CDATA[[Test worker] WARN net.thucydides.core.steps.BaseStepListener - stepStarted: net.thucydides.core.steps.ExecutedStepDescription@327ffe7b
[Test worker] WARN net.thucydides.core.steps.BaseStepListener - stepStarted: net.thucydides.core.steps.ExecutedStepDescription@69e92d57
[Test worker] WARN net.thucydides.core.steps.BaseStepListener - stepStarted: net.thucydides.core.steps.ExecutedStepDescription@3ac9c017
mar. 07, 2021 10:40:25 P. M. org.openqa.selenium.remote.DesiredCapabilities chrome
INFORMACIÓN: Using `new ChromeOptions()` is preferred to `DesiredCapabilities.chrome()`
[Test worker] INFO net.serenitybdd.core.webdriver.driverproviders.ProvideNewDriver - Instantiating driver
[Test worker] INFO net.serenitybdd.core.webdriver.driverproviders.ProvideNewDriver - Driver capabilities: Capabilities {acceptInsecureCerts: false, browserName: chrome, chrome.switches: --start-maximized, goog:chromeOptions: {args: [--start-maximized], extensions: []}, loggingPrefs: org.openqa.selenium.logging..., platform: ANY, version: }
Starting ChromeDriver 89.0.4389.23 (61b08ee2c50024bab004e48d2b1b083cdbdac579-refs/branch-heads/4389@{#294}) on port 43948
Only local connections are allowed.
Please see https://chromedriver.chromium.org/security-considerations for suggestions on keeping ChromeDriver safe.
ChromeDriver was started successfully.
mar. 07, 2021 10:40:27 P. M. org.openqa.selenium.remote.ProtocolHandshake createSession
INFORMACIÓN: Detected dialect: W3C
[Test worker] WARN net.thucydides.core.steps.BaseStepListener - stepFinished: current outcome:Search for a automation course:Given than jofre wants to learn automation at the academy Choucair
| strUser | strPassword |
| 1090521792 | Choucair2021* | [Jofre open up [Jofre opens the Choucair academy page]]
[Test worker] WARN net.thucydides.core.steps.BaseStepListener - stepFinished: current outcome:Search for a automation course:Given than jofre wants to learn automation at the academy Choucair
| strUser | strPassword |
| 1090521792 | Choucair2021* | [Jofre open up [Jofre opens the Choucair academy page]]
[Test worker] WARN net.thucydides.core.steps.BaseStepListener - stepStarted: net.thucydides.core.steps.ExecutedStepDescription@32582e48
[Test worker] WARN net.thucydides.core.steps.BaseStepListener - stepStarted: net.thucydides.core.steps.ExecutedStepDescription@35b81287
[Test worker] WARN net.thucydides.core.steps.BaseStepListener - stepFinished: current outcome:Search for a automation course:Given than jofre wants to learn automation at the academy Choucair
| strUser | strPassword |
| 1090521792 | Choucair2021* | [Jofre open up [Jofre opens the Choucair academy page], Jofre login [Jofre clicks on button that shows us the form to login]]
[Test worker] WARN net.thucydides.core.steps.BaseStepListener - stepStarted: net.thucydides.core.steps.ExecutedStepDescription@40e047ae
[Test worker] WARN net.thucydides.core.steps.BaseStepListener - stepFinished: current outcome:Search for a automation course:Given than jofre wants to learn automation at the academy Choucair
| strUser | strPassword |
| 1090521792 | Choucair2021* | [Jofre open up [Jofre opens the Choucair academy page], Jofre login [Jofre clicks on button that shows us the form to login, Jofre enters '1090521792' into where do we write the user]]
[Test worker] WARN net.thucydides.core.steps.BaseStepListener - stepStarted: net.thucydides.core.steps.ExecutedStepDescription@37924fa8
[Test worker] WARN net.thucydides.core.steps.BaseStepListener - stepFinished: current outcome:Search for a automation course:Given than jofre wants to learn automation at the academy Choucair
| strUser | strPassword |
| 1090521792 | Choucair2021* | [Jofre open up [Jofre opens the Choucair academy page], Jofre login [Jofre clicks on button that shows us the form to login, Jofre enters '1090521792' into where do we write the user, Jofre enters 'Choucair2021*' into where do we write the password]]
[Test worker] WARN net.thucydides.core.steps.BaseStepListener - stepStarted: net.thucydides.core.steps.ExecutedStepDescription@4bcf6954
[Test worker] WARN net.thucydides.core.steps.BaseStepListener - stepFinished: current outcome:Search for a automation course:Given than jofre wants to learn automation at the academy Choucair
| strUser | strPassword |
| 1090521792 | Choucair2021* | [Jofre open up [Jofre opens the Choucair academy page], Jofre login [Jofre clicks on button that shows us the form to login, Jofre enters '1090521792' into where do we write the user, Jofre enters 'Choucair2021*' into where do we write the password, Jofre clicks on button to confirm login]]
[Test worker] WARN net.thucydides.core.steps.BaseStepListener - stepFinished: current outcome:Search for a automation course:Given than jofre wants to learn automation at the academy Choucair
| strUser | strPassword |
| 1090521792 | Choucair2021* | [Jofre open up [Jofre opens the Choucair academy page], Jofre login [Jofre clicks on button that shows us the form to login, Jofre enters '1090521792' into where do we write the user, Jofre enters 'Choucair2021*' into where do we write the password, Jofre clicks on button to confirm login]]
[Test worker] WARN net.thucydides.core.steps.BaseStepListener - stepFinished: current outcome:Search for a automation course:Given than jofre wants to learn automation at the academy Choucair
| strUser | strPassword |
| 1090521792 | Choucair2021* | [Jofre open up [Jofre opens the Choucair academy page], Jofre login [Jofre clicks on button that shows us the form to login, Jofre enters '1090521792' into where do we write the user, Jofre enters 'Choucair2021*' into where do we write the password, Jofre clicks on button to confirm login]]
[Test worker] WARN net.thucydides.core.steps.BaseStepListener - stepStarted: net.thucydides.core.steps.ExecutedStepDescription@35aedd8c
[Test worker] WARN net.thucydides.core.steps.BaseStepListener - stepStarted: net.thucydides.core.steps.ExecutedStepDescription@6e0a366c
[Test worker] WARN net.thucydides.core.steps.BaseStepListener - stepStarted: net.thucydides.core.steps.ExecutedStepDescription@367d5981
[Test worker] WARN net.thucydides.core.steps.BaseStepListener - stepFinished: current outcome:Search for a automation course:Given than jofre wants to learn automation at the academy Choucair
| strUser | strPassword |
| 1090521792 | Choucair2021* | [Jofre open up [Jofre opens the Choucair academy page], Jofre login [Jofre clicks on button that shows us the form to login, Jofre enters '1090521792' into where do we write the user, Jofre enters 'Choucair2021*' into where do we write the password, Jofre clicks on button to confirm login]], When he search for the course on the Choucair Academy platform
| strCourse |
| AiU Certified Tester in Artificial Intelligence (CTAI) | [Jofre search [Jofre clicks on selecciona Cursos y Certificaciones]]
[Test worker] WARN net.thucydides.core.steps.BaseStepListener - stepStarted: net.thucydides.core.steps.ExecutedStepDescription@7ca12b01
[Test worker] WARN net.thucydides.core.steps.BaseStepListener - stepFinished: current outcome:Search for a automation course:Given than jofre wants to learn automation at the academy Choucair
| strUser | strPassword |
| 1090521792 | Choucair2021* | [Jofre open up [Jofre opens the Choucair academy page], Jofre login [Jofre clicks on button that shows us the form to login, Jofre enters '1090521792' into where do we write the user, Jofre enters 'Choucair2021*' into where do we write the password, Jofre clicks on button to confirm login]], When he search for the course on the Choucair Academy platform
| strCourse |
| AiU Certified Tester in Artificial Intelligence (CTAI) | [Jofre search [Jofre clicks on selecciona Cursos y Certificaciones, Jofre clicks on selecciona el curso]]
[Test worker] WARN net.thucydides.core.steps.BaseStepListener - stepFinished: current outcome:Search for a automation course:Given than jofre wants to learn automation at the academy Choucair
| strUser | strPassword |
| 1090521792 | Choucair2021* | [Jofre open up [Jofre opens the Choucair academy page], Jofre login [Jofre clicks on button that shows us the form to login, Jofre enters '1090521792' into where do we write the user, Jofre enters 'Choucair2021*' into where do we write the password, Jofre clicks on button to confirm login]], When he search for the course on the Choucair Academy platform
| strCourse |
| AiU Certified Tester in Artificial Intelligence (CTAI) | [Jofre search [Jofre clicks on selecciona Cursos y Certificaciones, Jofre clicks on selecciona el curso]]
[Test worker] WARN net.thucydides.core.steps.BaseStepListener - stepFinished: current outcome:Search for a automation course:Given than jofre wants to learn automation at the academy Choucair
| strUser | strPassword |
| 1090521792 | Choucair2021* | [Jofre open up [Jofre opens the Choucair academy page], Jofre login [Jofre clicks on button that shows us the form to login, Jofre enters '1090521792' into where do we write the user, Jofre enters 'Choucair2021*' into where do we write the password, Jofre clicks on button to confirm login]], When he search for the course on the Choucair Academy platform
| strCourse |
| AiU Certified Tester in Artificial Intelligence (CTAI) | [Jofre search [Jofre clicks on selecciona Cursos y Certificaciones, Jofre clicks on selecciona el curso]]
[Test worker] WARN net.thucydides.core.steps.BaseStepListener - stepStarted: net.thucydides.core.steps.ExecutedStepDescription@20fb2278
[Test worker] WARN net.thucydides.core.steps.BaseStepListener - stepStarted: net.thucydides.core.steps.ExecutedStepDescription@68a1d310
[Test worker] WARN net.thucydides.core.steps.BaseStepListener - stepFinished: current outcome:Search for a automation course:Given than jofre wants to learn automation at the academy Choucair
| strUser | strPassword |
| 1090521792 | Choucair2021* | [Jofre open up [Jofre opens the Choucair academy page], Jofre login [Jofre clicks on button that shows us the form to login, Jofre enters '1090521792' into where do we write the user, Jofre enters 'Choucair2021*' into where do we write the password, Jofre clicks on button to confirm login]], When he search for the course on the Choucair Academy platform
| strCourse |
| AiU Certified Tester in Artificial Intelligence (CTAI) | [Jofre search [Jofre clicks on selecciona Cursos y Certificaciones, Jofre clicks on selecciona el curso]], Then he finds the course called
| strCourse |
| AiU Certified Tester in Artificial Intelligence (CTAI) | [Then answer]
[Test worker] WARN net.thucydides.core.steps.BaseStepListener - stepFinished: current outcome:Search for a automation course:Given than jofre wants to learn automation at the academy Choucair
| strUser | strPassword |
| 1090521792 | Choucair2021* | [Jofre open up [Jofre opens the Choucair academy page], Jofre login [Jofre clicks on button that shows us the form to login, Jofre enters '1090521792' into where do we write the user, Jofre enters 'Choucair2021*' into where do we write the password, Jofre clicks on button to confirm login]], When he search for the course on the Choucair Academy platform
| strCourse |
| AiU Certified Tester in Artificial Intelligence (CTAI) | [Jofre search [Jofre clicks on selecciona Cursos y Certificaciones, Jofre clicks on selecciona el curso]], Then he finds the course called
| strCourse |
| AiU Certified Tester in Artificial Intelligence (CTAI) | [Then answer]
[Test worker] WARN net.thucydides.core.steps.BaseStepListener - testFinished: Search for a automation course:Given than jofre wants to learn automation at the academy Choucair
| strUser | strPassword |
| 1090521792 | Choucair2021* | [Jofre open up [Jofre opens the Choucair academy page], Jofre login [Jofre clicks on button that shows us the form to login, Jofre enters '1090521792' into where do we write the user, Jofre enters 'Choucair2021*' into where do we write the password, Jofre clicks on button to confirm login]], When he search for the course on the Choucair Academy platform
| strCourse |
| AiU Certified Tester in Artificial Intelligence (CTAI) | [Jofre search [Jofre clicks on selecciona Cursos y Certificaciones, Jofre clicks on selecciona el curso]], Then he finds the course called
| strCourse |
| AiU Certified Tester in Artificial Intelligence (CTAI) | [Then answer]
[Test worker] WARN net.thucydides.core.steps.BaseStepListener - TestOutcomes: [Search for a automation course:Given than jofre wants to learn automation at the academy Choucair
| strUser | strPassword |
| 1090521792 | Choucair2021* | [Jofre open up [Jofre opens the Choucair academy page], Jofre login [Jofre clicks on button that shows us the form to login, Jofre enters '1090521792' into where do we write the user, Jofre enters 'Choucair2021*' into where do we write the password, Jofre clicks on button to confirm login]], When he search for the course on the Choucair Academy platform
| strCourse |
| AiU Certified Tester in Artificial Intelligence (CTAI) | [Jofre search [Jofre clicks on selecciona Cursos y Certificaciones, Jofre clicks on selecciona el curso]], Then he finds the course called
| strCourse |
| AiU Certified Tester in Artificial Intelligence (CTAI) | [Then answer]]
[Test worker] WARN net.thucydides.core.steps.BaseStepListener - Final testOutcomes: [Search for a automation course:Given than jofre wants to learn automation at the academy Choucair
| strUser | strPassword |
| 1090521792 | Choucair2021* | [Jofre open up [Jofre opens the Choucair academy page], Jofre login [Jofre clicks on button that shows us the form to login, Jofre enters '1090521792' into where do we write the user, Jofre enters 'Choucair2021*' into where do we write the password, Jofre clicks on button to confirm login]], When he search for the course on the Choucair Academy platform
| strCourse |
| AiU Certified Tester in Artificial Intelligence (CTAI) | [Jofre search [Jofre clicks on selecciona Cursos y Certificaciones, Jofre clicks on selecciona el curso]], Then he finds the course called
| strCourse |
| AiU Certified Tester in Artificial Intelligence (CTAI) | [Then answer]]
[Test worker] INFO net.thucydides.core.steps.ConsoleLoggingListener - 
        __    _____ _____ ____ _____   ____   _    ____  ____  _____ ____  
  _     \ \  |_   _| ____/ ___|_   _| |  _ \ / \  / ___|/ ___|| ____|  _ \ 
 (_)_____| |   | | |  _| \___ \ | |   | |_) / _ \ \___ \\___ \|  _| | | | |
  _|_____| |   | | | |___ ___) || |   |  __/ ___ \ ___) |___) | |___| |_| |
 (_)     | |   |_| |_____|____/ |_|   |_| /_/   \_\____/|____/|_____|____/ 
        /_/                                                                

TEST PASSED: Search for a automation course
----------------------------------------------------------------------------
]]></system-err>
</testsuite>
